Mono path[0] = 'D:/steam/steamapps/common/RimWorld/RimWorldWin64_Data/Managed'
Mono config path = 'D:/steam/steamapps/common/RimWorld/MonoBleedingEdge/etc'
[PhysX] Initialized MultithreadedTaskDispatcher with 8 workers.
Initialize engine version: 2022.3.35f1 (011206c7a712)
[Subsystems] Discovering subsystems at path D:/steam/steamapps/common/RimWorld/RimWorldWin64_Data/UnitySubsystems
GfxDevice: creating device client; threaded=1; jobified=0
Direct3D:
    Version:  Direct3D 11.0 [level 11.1]
    Renderer: AMD Radeon (TM) RX 640 (ID=0x6987)
    Vendor:   ATI
    VRAM:     2028 MB
    Driver:   30.0.13023.4001
Begin MonoManager ReloadAssembly
- Loaded All Assemblies, in  0.160 seconds
- Finished resetting the current domain, in  0.002 seconds
D3D11 device created for Microsoft Media Foundation video decoding.
<RI> Initializing input.
<RI> Input initialized.
<RI> Initialized touch support.
[PhysX] Initialized MultithreadedTaskDispatcher with 8 workers.
UnloadTime: 1.432600 ms
Command line arguments: -savedatafolder=C:\Users\Lenovo\AppData\LocalLow\Ludeon Studios\RimWorld by Ludeon Studios
RimWorld 1.6.4633 rev1261
Save data folder overridden to C:\Users\Lenovo\AppData\LocalLow\Ludeon Studios\RimWorld by Ludeon Studios
Mod Ratkin Underground+ has a dependency (fxz.ratkinfaction) with empty display name.
Mod Ratkin Underground+ dependency (fxz.ratkinfaction) needs to have <downloadUrl> and/or <steamWorkshopUrl> specified.
Mod Ratkin Underground+ has a dependency (Solaris.RatkinRaceMod) with empty display name.
Mod Ratkin Underground+ dependency (Solaris.RatkinRaceMod) needs to have <downloadUrl> and/or <steamWorkshopUrl> specified.
Mod Nice Inventory Tab CE Integration dependency (andromeda.niceinventorytab) needs to have <downloadUrl> and/or <steamWorkshopUrl> specified.
Mod 更多远古城市废墟高价值战利品 has a dependency (XMB.AncientUrbanrUins.MO) with empty display name.
Mod 更多远古城市废墟高价值战利品 dependency (XMB.AncientUrbanrUins.MO) needs to have <downloadUrl> and/or <steamWorkshopUrl> specified.
Tried loading mod with the same packageId multiple times: MYDE.AerocraftFramework. Ignoring the duplicates.
D:\steam\steamapps\workshop\content\294100\2959802157
D:\steam\steamapps\workshop\content\294100\3611555958
Fallback handler could not load library D:/steam/steamapps/common/RimWorld/RimWorldWin64_Data/MonoBleedingEdge/data-000001751B049040.dll
Fallback handler could not load library D:/steam/steamapps/common/RimWorld/RimWorldWin64_Data/MonoBleedingEdge/data-000001751B3DF710.dll
[HugsLib] version 12.0.0
XML error: Could not register node named "AncientComplex" in mod Ludeon.RimWorld.Ideology because this name is already used in this mod.
XML error: Could not register node named "UtilityRoom" in mod Ludeon.RimWorld.Ideology because this name is already used in this mod.
XML error: <soundAmbient>MechTurretSmall_Call</soundAmbient> doesn't correspond to any field in type BuildingProperties. Context: <building><combatPower>45</combatPower><buildingTags><li>MechClusterMember</li><li>MechClusterCombatThreat</li></buildingTags><ai_combatDangerous>true</ai_combatDangerous><turretGunDef>Gun_MiniTurretMech</turretGunDef><turretBurstCooldownTime>2.5</turretBurstCooldownTime><soundAmbient>MechTurretSmall_Call</soundAmbient></building>
XML error: <soundAmbient>MechTurretBig_Call</soundAmbient> doesn't correspond to any field in type BuildingProperties. Context: <building><combatPower>150</combatPower><buildingTags><li>MechClusterMember</li><li>MechClusterCombatThreat</li></buildingTags><ai_combatDangerous>true</ai_combatDangerous><turretGunDef>Gun_ChargeBlasterHeavyTurret</turretGunDef><turretBurstCooldownTime>5.5</turretBurstCooldownTime><turretTopDrawSize>1.75</turretTopDrawSize><turretTopOffset>(0, 0.05)</turretTopOffset><soundAmbient>MechTurretBig_Call</soundAmbient></building>
XML error: <soundAmbient>MechTurretBig_Call</soundAmbient> doesn't correspond to any field in type BuildingProperties. Context: <building><buildingTags><li>MechClusterMember</li><li>MechClusterCombatThreat</li></buildingTags><combatPower>190</combatPower><ai_combatDangerous>true</ai_combatDangerous><turretGunDef>Gun_InfernoCannonTurret</turretGunDef><turretBurstCooldownTime>17.0</turretBurstCooldownTime><turretTopDrawSize>1.75</turretTopDrawSize><turretTopOffset>(0, 0.05)</turretTopOffset><minMechClusterPoints>570</minMechClusterPoints><soundAmbient>MechTurretBig_Call</soundAmbient></building>
XML error: <soundAmbient>MechTurretBig_Call</soundAmbient> doesn't correspond to any field in type BuildingProperties. Context: <building><buildingTags><li>MechClusterMember</li><li>MechClusterProblemCauser</li></buildingTags><combatPower>220</combatPower><turretGunDef>Artillery_AutoMortar</turretGunDef><turretBurstWarmupTime>4.0</turretBurstWarmupTime><turretBurstCooldownTime>80.0</turretBurstCooldownTime><turretInitialCooldownTime>120</turretInitialCooldownTime><minMechClusterPoints>660</minMechClusterPoints><soundAmbient>MechTurretBig_Call</soundAmbient></building>
Type ComplexDef is not a Def type or could not be found, in file Complex_Misc.xml. Context: <ComplexDef Name="AncientComplex"><defName>AncientComplex</defName><workerClass>ComplexWorker_Ancient</workerClass><roomDefs><li>AncientEquipmentRoom</li><li>AncientStorageRoom</li><li>AncientBarracks</li><li>AncientPowerRoom</li><li>AncientLab</li><li>AncientArmory</li></roomDefs><threats><li><def>SleepingMechanoids</def></li><li><def>SleepingInsects</def></li><li><def>Ambush</def></li><li><def>CryptosleepPods</def></li><li><def>FuelNode</def><maxPerRoom>1</maxPerRoom><selectionWeight>3</selectionWeight></li><li><def>SecurityCrate</def><selectionWeight>4</selectionWeight></li><li><def>Infestation</def></li><li><def>RaidTerminal</def><maxPerComplex>1</maxPerComplex><chancePerComplex>0.5</chancePerComplex></li></threats><rewardThingSetMakerDef>MapGen_AncientComplexRoomLoot_Default</rewardThingSetMakerDef></ComplexDef>
Type ComplexRoomDef is not a Def type or could not be found, in file ComplexRooms_Misc.xml. Context: <ComplexRoomDef><defName>AncientBarracks</defName><selectionWeight>0.2</selectionWeight><sketchResolverDef>AncientBarracks</sketchResolverDef><minArea>50</minArea><maxCount>1</maxCount><floorTypes><li>CarpetBlue</li><li>CarpetRed</li><li>CarpetGreen</li></floorTypes></ComplexRoomDef>
Could not find a type named ComplexWorker_Ancient
XML error: <selectionWeight>0.2</selectionWeight> doesn't correspond to any field in type LayoutRoomDef. Context: <LayoutRoomDef><defName>AncientBarracks</defName><selectionWeight>0.2</selectionWeight><sketchResolverDef>AncientBarracks</sketchResolverDef><areaSizeRange>50</areaSizeRange><countRange>0~1</countRange><floorTypes><li>CarpetBlue</li><li>CarpetRed</li><li>CarpetGreen</li></floorTypes></LayoutRoomDef>
XML error: <countRange>0~1</countRange> doesn't correspond to any field in type LayoutRoomDef. Context: <LayoutRoomDef><defName>AncientBarracks</defName><selectionWeight>0.2</selectionWeight><sketchResolverDef>AncientBarracks</sketchResolverDef><areaSizeRange>50</areaSizeRange><countRange>0~1</countRange><floorTypes><li>CarpetBlue</li><li>CarpetRed</li><li>CarpetGreen</li></floorTypes></LayoutRoomDef>
XML error: <selectionWeight>0.2</selectionWeight> doesn't correspond to any field in type LayoutRoomDef. Context: <ComplexRoomDef ParentName="UtilityRoom"><floorTypes><li>PavedTile</li><li>Concrete</li><li>CarpetGreyDark</li><li>CarpetBlue</li><li>CarpetGreen</li></floorTypes><defName>AncientStorageRoom</defName><selectionWeight>0.2</selectionWeight><sketchResolverDef>AncientStorageRoom</sketchResolverDef></ComplexRoomDef>
XML error: <selectionWeight>1</selectionWeight> doesn't correspond to any field in type LayoutRoomDef. Context: <ComplexRoomDef ParentName="UtilityRoom"><floorTypes><li>PavedTile</li><li>Concrete</li><li>CarpetGreyDark</li><li>CarpetBlue</li><li>CarpetGreen</li></floorTypes><defName>AncientEquipmentRoom</defName><selectionWeight>1</selectionWeight><sketchResolverDef>AncientEquipmentRoom</sketchResolverDef><areaSizeRange>0</areaSizeRange></ComplexRoomDef>
XML error: <selectionWeight>1</selectionWeight> doesn't correspond to any field in type LayoutRoomDef. Context: <LayoutRoomDef><defName>AncientPowerRoom</defName><selectionWeight>1</selectionWeight><sketchResolverDef>AncientPowerRoom</sketchResolverDef><countRange>0~1</countRange></LayoutRoomDef>
XML error: <countRange>0~1</countRange> doesn't correspond to any field in type LayoutRoomDef. Context: <LayoutRoomDef><defName>AncientPowerRoom</defName><selectionWeight>1</selectionWeight><sketchResolverDef>AncientPowerRoom</sketchResolverDef><countRange>0~1</countRange></LayoutRoomDef>
XML error: <selectionWeight>1</selectionWeight> doesn't correspond to any field in type LayoutRoomDef. Context: <LayoutRoomDef><defName>AncientLab</defName><selectionWeight>1</selectionWeight><sketchResolverDef>AncientLab</sketchResolverDef><countRange>0~1</countRange><floorTypes><li>SterileTile</li></floorTypes></LayoutRoomDef>
XML error: <countRange>0~1</countRange> doesn't correspond to any field in type LayoutRoomDef. Context: <LayoutRoomDef><defName>AncientLab</defName><selectionWeight>1</selectionWeight><sketchResolverDef>AncientLab</sketchResolverDef><countRange>0~1</countRange><floorTypes><li>SterileTile</li></floorTypes></LayoutRoomDef>
XML error: <selectionWeight>1</selectionWeight> doesn't correspond to any field in type LayoutRoomDef. Context: <ComplexRoomDef ParentName="UtilityRoom"><floorTypes><li>PavedTile</li><li>Concrete</li><li>CarpetGreyDark</li><li>CarpetBlue</li><li>CarpetGreen</li></floorTypes><defName>AncientArmory</defName><selectionWeight>1</selectionWeight><sketchResolverDef>AncientArmory</sketchResolverDef><areaSizeRange>25~26</areaSizeRange></ComplexRoomDef>
Exception loading def from file SubTrees_Ability.xml: System.ArgumentException: Could not find type named ThinkNodeConditional_HashIntervalTick from node <li Class="ThinkNodeConditional_HashIntervalTick"><interval>65</interval><subNodes><li Class="JobGiver_AICastAnimalWarcall"><ability>AnimalWarcall</ability></li></subNodes></li>
Parameter name: node
[Ref F6191AA3]
  at Verse.DirectXmlToObjectNew.ResolveTypeForNode (System.Type defaultType, System.Xml.XmlNode node) [0x0005a] in <46372f5dadbf4af8939e608076251180>:0 
(wrapper dynamic-method) Verse.DirectXmlToObjectNew+DummyTypeToHoldDynamicMethods.ParseAndSetListField_Verse_AI_ThinkNode(object,System.Reflection.FieldInfo,System.Xml.XmlNode,System.Type)
(wrapper dynamic-method) Verse.DirectXmlToObjectNew+DummyTypeToHoldDynamicMethods.ParseAndAddComplexTypeToList_SharedBody(object,int,System.Xml.XmlNode,System.Type)
(wrapper dynamic-method) Verse.DirectXmlToObjectNew+DummyTypeToHoldDynamicMethods.ParseAndSetListField_Verse_AI_ThinkNode(object,System.Reflection.FieldInfo,System.Xml.XmlNode,System.Type)
(wrapper dynamic-method) Verse.DirectXmlToObjectNew+DummyTypeToHoldDynamicMethods.ParseAndAddComplexTypeToList_SharedBody(object,int,System.Xml.XmlNode,System.Type)
(wrapper dynamic-method) Verse.DirectXmlToObjectNew+DummyTypeToHoldDynamicMethods.ParseAndSetListField_Verse_AI_ThinkNode(object,System.Reflection.FieldInfo,System.Xml.XmlNode,System.Type)
(wrapper dynamic-method) Verse.DirectXmlToObjectNew+DummyTypeToHoldDynamicMethods.ParseAndSetComplexTypeField_SharedBody(object,System.Reflection.FieldInfo,System.Xml.XmlNode,System.Type)
(wrapper dynamic-method) Verse.DirectXmlToObjectNew+DummyTypeToHoldDynamicMethods.ParseAndReturnDef_Verse_Def(int,int,System.Xml.XmlNode,System.Type)
  at Verse.DirectXmlToObjectNew.DefFromNodeNew (System.Xml.XmlNode node, Verse.LoadableXmlAsset loadingAsset) [0x000dd] in <46372f5dadbf4af8939e608076251180>:0 
Exception loading def from file SubTrees_Ability.xml: System.ArgumentException: Could not find type named ThinkNodeConditional_UnderCombatPressure from node <li Class="ThinkNodeConditional_UnderCombatPressure"><maxThreatDistance>2</maxThreatDistance><minCloseTargets>2</minCloseTargets><subNodes><li Class="JobGiver_AIJumpEscapeEnemies"><ability>Longjump</ability></li></subNodes></li>
Parameter name: node
[Ref 3654222F]
  at Verse.DirectXmlToObjectNew.ResolveTypeForNode (System.Type defaultType, System.Xml.XmlNode node) [0x0005a] in <46372f5dadbf4af8939e608076251180>:0 
(wrapper dynamic-method) Verse.DirectXmlToObjectNew+DummyTypeToHoldDynamicMethods.ParseAndSetListField_Verse_AI_ThinkNode(object,System.Reflection.FieldInfo,System.Xml.XmlNode,System.Type)
(wrapper dynamic-method) Verse.DirectXmlToObjectNew+DummyTypeToHoldDynamicMethods.ParseAndAddComplexTypeToList_SharedBody(object,int,System.Xml.XmlNode,System.Type)
(wrapper dynamic-method) Verse.DirectXmlToObjectNew+DummyTypeToHoldDynamicMethods.ParseAndSetListField_Verse_AI_ThinkNode(object,System.Reflection.FieldInfo,System.Xml.XmlNode,System.Type)
(wrapper dynamic-method) Verse.DirectXmlToObjectNew+DummyTypeToHoldDynamicMethods.ParseAndAddComplexTypeToList_SharedBody(object,int,System.Xml.XmlNode,System.Type)
(wrapper dynamic-method) Verse.DirectXmlToObjectNew+DummyTypeToHoldDynamicMethods.ParseAndSetListField_Verse_AI_ThinkNode(object,System.Reflection.FieldInfo,System.Xml.XmlNode,System.Type)
(wrapper dynamic-method) Verse.DirectXmlToObjectNew+DummyTypeToHoldDynamicMethods.ParseAndAddComplexTypeToList_SharedBody(object,int,System.Xml.XmlNode,System.Type)
(wrapper dynamic-method) Verse.DirectXmlToObjectNew+DummyTypeToHoldDynamicMethods.ParseAndSetListField_Verse_AI_ThinkNode(object,System.Reflection.FieldInfo,System.Xml.XmlNode,System.Type)
(wrapper dynamic-method) Verse.DirectXmlToObjectNew+DummyTypeToHoldDynamicMethods.ParseAndAddComplexTypeToList_SharedBody(object,int,System.Xml.XmlNode,System.Type)
(wrapper dynamic-method) Verse.DirectXmlToObjectNew+DummyTypeToHoldDynamicMethods.ParseAndSetListField_Verse_AI_ThinkNode(object,System.Reflection.FieldInfo,System.Xml.XmlNode,System.Type)
(wrapper dynamic-method) Verse.DirectXmlToObjectNew+DummyTypeToHoldDynamicMethods.ParseAndSetComplexTypeField_SharedBody(object,System.Reflection.FieldInfo,System.Xml.XmlNode,System.Type)
(wrapper dynamic-method) Verse.DirectXmlToObjectNew+DummyTypeToHoldDynamicMethods.ParseAndReturnDef_Verse_Def(int,int,System.Xml.XmlNode,System.Type)
  at Verse.DirectXmlToObjectNew.DefFromNodeNew (System.Xml.XmlNode node, Verse.LoadableXmlAsset loadingAsset) [0x000dd] in <46372f5dadbf4af8939e608076251180>:0 
XML error: <li>StruggleStrength_Prey_VeryGood</li> doesn't correspond to any field in type QuirkPoolDef. Context: <RimVore2.QuirkPoolDef><defName>StruggleStrength_Prey</defName><label>Struggle strength (Prey)</label><category>Combat</category><description>These quirks influence the struggling capability for the pawn when vored by others.</description><generationOrder>5</generationOrder><poolType>PickOne</poolType><li>StruggleStrength_Prey_VeryGood</li><li>StruggleStrength_Prey_Good</li><li>StruggleStrength_Prey_Normal</li><li>StruggleStrength_Prey_Bad</li><li>StruggleStrength_Prey_VeryBad</li><blockingQuirks><li>StruggleCapability_NoStruggleAsPrey</li></blockingQuirks></RimVore2.QuirkPoolDef>
XML error: <li>StruggleStrength_Prey_Good</li> doesn't correspond to any field in type QuirkPoolDef. Context: <RimVore2.QuirkPoolDef><defName>StruggleStrength_Prey</defName><label>Struggle strength (Prey)</label><category>Combat</category><description>These quirks influence the struggling capability for the pawn when vored by others.</description><generationOrder>5</generationOrder><poolType>PickOne</poolType><li>StruggleStrength_Prey_VeryGood</li><li>StruggleStrength_Prey_Good</li><li>StruggleStrength_Prey_Normal</li><li>StruggleStrength_Prey_Bad</li><li>StruggleStrength_Prey_VeryBad</li><blockingQuirks><li>StruggleCapability_NoStruggleAsPrey</li></blockingQuirks></RimVore2.QuirkPoolDef>
XML error: <li>StruggleStrength_Prey_Normal</li> doesn't correspond to any field in type QuirkPoolDef. Context: <RimVore2.QuirkPoolDef><defName>StruggleStrength_Prey</defName><label>Struggle strength (Prey)</label><category>Combat</category><description>These quirks influence the struggling capability for the pawn when vored by others.</description><generationOrder>5</generationOrder><poolType>PickOne</poolType><li>StruggleStrength_Prey_VeryGood</li><li>StruggleStrength_Prey_Good</li><li>StruggleStrength_Prey_Normal</li><li>StruggleStrength_Prey_Bad</li><li>StruggleStrength_Prey_VeryBad</li><blockingQuirks><li>StruggleCapability_NoStruggleAsPrey</li></blockingQuirks></RimVore2.QuirkPoolDef>
XML error: <li>StruggleStrength_Prey_Bad</li> doesn't correspond to any field in type QuirkPoolDef. Context: <RimVore2.QuirkPoolDef><defName>StruggleStrength_Prey</defName><label>Struggle strength (Prey)</label><category>Combat</category><description>These quirks influence the struggling capability for the pawn when vored by others.</description><generationOrder>5</generationOrder><poolType>PickOne</poolType><li>StruggleStrength_Prey_VeryGood</li><li>StruggleStrength_Prey_Good</li><li>StruggleStrength_Prey_Normal</li><li>StruggleStrength_Prey_Bad</li><li>StruggleStrength_Prey_VeryBad</li><blockingQuirks><li>StruggleCapability_NoStruggleAsPrey</li></blockingQuirks></RimVore2.QuirkPoolDef>
XML error: <li>StruggleStrength_Prey_VeryBad</li> doesn't correspond to any field in type QuirkPoolDef. Context: <RimVore2.QuirkPoolDef><defName>StruggleStrength_Prey</defName><label>Struggle strength (Prey)</label><category>Combat</category><description>These quirks influence the struggling capability for the pawn when vored by others.</description><generationOrder>5</generationOrder><poolType>PickOne</poolType><li>StruggleStrength_Prey_VeryGood</li><li>StruggleStrength_Prey_Good</li><li>StruggleStrength_Prey_Normal</li><li>StruggleStrength_Prey_Bad</li><li>StruggleStrength_Prey_VeryBad</li><blockingQuirks><li>StruggleCapability_NoStruggleAsPrey</li></blockingQuirks></RimVore2.QuirkPoolDef>
XML error: <li>StruggleStrength_Predator_VeryGood</li> doesn't correspond to any field in type QuirkPoolDef. Context: <RimVore2.QuirkPoolDef><defName>StruggleStrength_Predator</defName><label>Struggle strength (Predator)</label><category>Combat</category><description>These quirks influence the struggling capability for the pawn when voring others.</description><generationOrder>5</generationOrder><poolType>PickOne</poolType><li>StruggleStrength_Predator_VeryGood</li><li>StruggleStrength_Predator_Good</li><li>StruggleStrength_Predator_Normal</li><li>StruggleStrength_Predator_Bad</li><li>StruggleStrength_Predator_VeryBad</li><blockingQuirks><li>StruggleCapability_NoStruggleAsPredator</li></blockingQuirks></RimVore2.QuirkPoolDef>
XML error: <li>StruggleStrength_Predator_Good</li> doesn't correspond to any field in type QuirkPoolDef. Context: <RimVore2.QuirkPoolDef><defName>StruggleStrength_Predator</defName><label>Struggle strength (Predator)</label><category>Combat</category><description>These quirks influence the struggling capability for the pawn when voring others.</description><generationOrder>5</generationOrder><poolType>PickOne</poolType><li>StruggleStrength_Predator_VeryGood</li><li>StruggleStrength_Predator_Good</li><li>StruggleStrength_Predator_Normal</li><li>StruggleStrength_Predator_Bad</li><li>StruggleStrength_Predator_VeryBad</li><blockingQuirks><li>StruggleCapability_NoStruggleAsPredator</li></blockingQuirks></RimVore2.QuirkPoolDef>
XML error: <li>StruggleStrength_Predator_Normal</li> doesn't correspond to any field in type QuirkPoolDef. Context: <RimVore2.QuirkPoolDef><defName>StruggleStrength_Predator</defName><label>Struggle strength (Predator)</label><category>Combat</category><description>These quirks influence the struggling capability for the pawn when voring others.</description><generationOrder>5</generationOrder><poolType>PickOne</poolType><li>StruggleStrength_Predator_VeryGood</li><li>StruggleStrength_Predator_Good</li><li>StruggleStrength_Predator_Normal</li><li>StruggleStrength_Predator_Bad</li><li>StruggleStrength_Predator_VeryBad</li><blockingQuirks><li>StruggleCapability_NoStruggleAsPredator</li></blockingQuirks></RimVore2.QuirkPoolDef>
XML error: <li>StruggleStrength_Predator_Bad</li> doesn't correspond to any field in type QuirkPoolDef. Context: <RimVore2.QuirkPoolDef><defName>StruggleStrength_Predator</defName><label>Struggle strength (Predator)</label><category>Combat</category><description>These quirks influence the struggling capability for the pawn when voring others.</description><generationOrder>5</generationOrder><poolType>PickOne</poolType><li>StruggleStrength_Predator_VeryGood</li><li>StruggleStrength_Predator_Good</li><li>StruggleStrength_Predator_Normal</li><li>StruggleStrength_Predator_Bad</li><li>StruggleStrength_Predator_VeryBad</li><blockingQuirks><li>StruggleCapability_NoStruggleAsPredator</li></blockingQuirks></RimVore2.QuirkPoolDef>
XML error: <li>StruggleStrength_Predator_VeryBad</li> doesn't correspond to any field in type QuirkPoolDef. Context: <RimVore2.QuirkPoolDef><defName>StruggleStrength_Predator</defName><label>Struggle strength (Predator)</label><category>Combat</category><description>These quirks influence the struggling capability for the pawn when voring others.</description><generationOrder>5</generationOrder><poolType>PickOne</poolType><li>StruggleStrength_Predator_VeryGood</li><li>StruggleStrength_Predator_Good</li><li>StruggleStrength_Predator_Normal</li><li>StruggleStrength_Predator_Bad</li><li>StruggleStrength_Predator_VeryBad</li><blockingQuirks><li>StruggleCapability_NoStruggleAsPredator</li></blockingQuirks></RimVore2.QuirkPoolDef>
XML error: <li Class="RimVore2.QuirkComp_ValueModifier"><modifierName>RequiredStrugglesMultiplierAsPrey</modifierName><modifierValue>0.8</modifierValue></li> doesn't correspond to any field in type QuirkDef. Context: <RimVore2.QuirkDef><defName>StruggleStrength_Prey_Good</defName><label>Wiggler</label><description>[PAWN_label] knows how to move to struggle [PAWN_possessive] way out of [PAWN_possessive] predator.</description><rarity>Rare</rarity><li Class="RimVore2.QuirkComp_ValueModifier"><modifierName>RequiredStrugglesMultiplierAsPrey</modifierName><modifierValue>0.8</modifierValue></li></RimVore2.QuirkDef>
XML error: <li Class="RimVore2.QuirkComp_ValueModifier"><modifierName>RequiredStrugglesMultiplierAsPrey</modifierName><modifierValue>1.25</modifierValue></li> doesn't correspond to any field in type QuirkDef. Context: <RimVore2.QuirkDef><defName>StruggleStrength_Prey_Bad</defName><label>Clumsy</label><description>[PAWN_label] is a bit of a klutz and can't figure out how to move to make [PAWN_possessive] predator release [PAWN_objective].</description><rarity>Rare</rarity><li Class="RimVore2.QuirkComp_ValueModifier"><modifierName>RequiredStrugglesMultiplierAsPrey</modifierName><modifierValue>1.25</modifierValue></li></RimVore2.QuirkDef>
XML error: <li Class="RimVore2.QuirkComp_ValueModifier"><modifierName>RequiredStrugglesMultiplierAsPredator</modifierName><modifierValue>1.25</modifierValue></li> doesn't correspond to any field in type QuirkDef. Context: <RimVore2.QuirkDef><defName>StruggleStrength_Predator_Good</defName><label>Iron gut</label><description>[PAWN_label] has a resolve of steel, with the guts to match. Prey will have a more difficult time trying to struggle out of [PAWN_possessive].</description><rarity>Rare</rarity><li Class="RimVore2.QuirkComp_ValueModifier"><modifierName>RequiredStrugglesMultiplierAsPredator</modifierName><modifierValue>1.25</modifierValue></li></RimVore2.QuirkDef>
XML error: <li Class="RimVore2.QuirkComp_ValueModifier"><modifierName>RequiredStrugglesMultiplierAsPredator</modifierName><modifierValue>0.8</modifierValue></li> doesn't correspond to any field in type QuirkDef. Context: <RimVore2.QuirkDef><defName>StruggleStrength_Predator_Bad</defName><label>Loose</label><description>[PAWN_label] has a hard time trying to keep [PAWN_possessive] prey from struggling out of [PAWN_possessive] insides.</description><rarity>Rare</rarity><li Class="RimVore2.QuirkComp_ValueModifier"><modifierName>RequiredStrugglesMultiplierAsPredator</modifierName><modifierValue>0.8</modifierValue></li></RimVore2.QuirkDef>
XML format error: List item found with name comps that is not <li>, and which does not have a custom XML loader method, in <comps><li Class="RimVore2_Pardon.HediffCompProperties_Regression"><RegressionStrength>30</RegressionStrength><limitMinAge>true</limitMinAge></li><comps><li Class="HediffCompProperties_SeverityPerDay"><severityPerDay>-1</severityPerDay></li></comps></comps>
XML format error: List item found with name comps that is not <li>, and which does not have a custom XML loader method, in <comps><li Class="RimVore2_Pardon.HediffCompProperties_Regression"><RegressionStrength>30</RegressionStrength><limitMinAge>false</limitMinAge></li><comps><li Class="HediffCompProperties_SeverityPerDay"><severityPerDay>-2</severityPerDay></li></comps></comps>
[RimVore2-pardon's-Extend] Patch operation Verse.PatchOperationReplace(/Defs/RimVore2.RollPresetDef[defName="RV2_Resource_Piss"]) failed
file: D:\steam\steamapps\common\RimWorld\Mods\rimvore2-pardon-extend\Common\Patches\RollPresetsPatch.xml
[RimVore2-pardon's-Extend] Patch operation Verse.PatchOperationReplace(/Defs/RimVore2.RimVore2.VoreStageDef[defName="Womb_Reform"]) failed
file: D:\steam\steamapps\common\RimWorld\Mods\rimvore2-pardon-extend\Common\Patches\VoreStagePatch.xml
[RimVore2-pardon's-Extend] Patch operation Verse.PatchOperationReplace(/Defs/RimVore2.RimVore2.VoreStageDef[defName="NCS_Testicles_Reform"]) failed
file: D:\steam\steamapps\common\RimWorld\Mods\rimvore2-pardon-extend\Common\Patches\VoreStagePatch.xml
Mod Ludeon.RimWorld.Royalty has multiple Verse.ThingDefs named BroadshieldCore. Skipping.
Mod Ludeon.RimWorld.Royalty has multiple Verse.BuildableDefs named BroadshieldCore. Skipping.
Mod Ludeon.RimWorld.Ideology has multiple RimWorld.LayoutRoomDefs named AncientBarracks. Skipping.
Mod Ludeon.RimWorld.Ideology has multiple RimWorld.LayoutRoomDefs named AncientStorageRoom. Skipping.
Mod Ludeon.RimWorld.Ideology has multiple RimWorld.LayoutRoomDefs named AncientEquipmentRoom. Skipping.
Mod Ludeon.RimWorld.Ideology has multiple RimWorld.LayoutRoomDefs named AncientPowerRoom. Skipping.
Mod Ludeon.RimWorld.Ideology has multiple RimWorld.LayoutRoomDefs named AncientLab. Skipping.
Mod Ludeon.RimWorld.Ideology has multiple RimWorld.LayoutRoomDefs named AncientArmory. Skipping.
Could not resolve cross-reference to Verse.HediffDef named RV2_Hediff_QuirkForce_StrugglePreference_Nomal (wanter=hediffs)
Could not resolve cross-reference: No RimWorld.ComplexThreatDef named FuelNode13 found to give to RimWorld.ComplexThreat RimWorld.ComplexThreat
Could not resolve cross-reference to Verse.HediffDef named RV2_Hediff_QuirkForce_StrugglePreference_Liked (wanter=hediffs)
Could not resolve cross-reference: No RimWorld.ComplexThreatDef named SecurityCrate4 found to give to RimWorld.ComplexThreat RimWorld.ComplexThreat
Could not resolve cross-reference: No RimWorld.ComplexThreatDef named RaidTerminal10.5 found to give to RimWorld.ComplexThreat RimWorld.ComplexThreat
Failed to find Verse.WorkTypeDef named Fishing. There are 23 defs of this type loaded.
Failed to find RimWorld.LayoutRoomDef named AncientOrbitalCorridor. There are 139 defs of this type loaded.
Failed to find Verse.JobDef named LeaveShip. There are 339 defs of this type loaded.
Failed to find RimWorld.ThoughtDef named DestroyedMechhiveMainPawn. There are 1758 defs of this type loaded.
Failed to find RimWorld.HistoryEventDef named DestroyedMechhive. There are 192 defs of this type loaded.
BodyDef Mech_Tunneler has BodyPartRecord of MechanicalThorax whose children have more or equal coverage than 100% (100.60%)
Config error in RV2_UnlimitedRegression: description has trailing whitespace
Config error in StruggleStrength_Prey: Required list "quirks" not set or empty
Config error in StruggleStrength_Predator: Required list "quirks" not set or empty
Config error in StruggleStrength_Prey: Required list "quirks" not set or empty
Config error in StruggleStrength_Predator: Required list "quirks" not set or empty
Config error in RubblePile: alwaysDeconstructible=true but deconstructible=false
Config error in RubblePile: alwaysDeconstructible=true but deconstructible=false
Could not load Texture2D at 'Terrain/Misc/BridgeSpaceProps_Loop' in any active mod or in base resources.
MatFrom with null sourceTex.
Could not load Texture2D at 'Terrain/Misc/BridgeSpaceProps_Right' in any active mod or in base resources.
MatFrom with null sourceTex.
Could not load Texture2D at 'Things/Building/Ruins/AncientSpacerCrate' for def 'AncientSpacerCrate' in any active mod or in base resources.
MatFrom with null sourceTex.
Could not load Texture2D at 'Things/Building/Ruins/Stove' for def 'AncientStove' in any active mod or in base resources.
MatFrom with null sourceTex.
Could not load Texture2D at 'Things/Building/Ruins/AncientOven' for def 'AncientOven' in any active mod or in base resources.
MatFrom with null sourceTex.
Could not load Texture2D at 'Things/Building/Ruins/AncientToilet' for def 'AncientToilet' in any active mod or in base resources.
MatFrom with null sourceTex.
Could not load Texture2D at 'UI/Designations/ExtractSkull' in any active mod or in base resources.
MatFrom with null sourceTex.
Could not load Texture2D at 'Designations/FillInPitBurrow' in any active mod or in base resources.
MatFrom with null sourceTex.
Translation data for language Simplified Chinese has 97 errors. Generate translation report for more info.
Unloading 5 Unused Serialized files (Serialized files now loaded: 5)
Unloading 97 unused Assets to reduce memory usage. Loaded Objects now: 27079.
Total: 256.615800 ms (FindLiveObjects: 1.379100 ms CreateObjectMapping: 2.167200 ms MarkObjects: 252.589000 ms  DeleteObjects: 0.479700 ms)

CharacterEditor v1.6.3 initializing...
updating labels for simplified chinese...
loading pawn slot content from file...
character editor instance created
allowing apparel to be colorable...
checking editor settings...
bodysizes genes are active
CharacterEditor v1.6.3 ...done
RV-2 - RV2Mod.DefsLoaded enter
RimVore2.RuleTargetComponent_Race is no longer valid due to unloaded Def Rakkle. Resetting to Bear_Grizzly
RimVore2.RuleTargetComponent_Race is no longer valid due to unloaded Def Ratkin_Su. Resetting to Bear_Grizzly
RimVore2.RuleTargetComponent_Race is no longer valid due to unloaded Def Ratkin. Resetting to Bear_Grizzly
Exception from long event: System.NullReferenceException: Object reference not set to an instance of an object
[Ref 46028576]
  at RimVore2.QuirkUtility+<>c__DisplayClass2_0.<GetPool>b__0 (RimVore2.QuirkPoolDef pool) [0x00000] in <ab41c2a7082f4130836695233332c80f>:0 
  at System.Collections.Generic.List`1[T].Find (System.Predicate`1[T] match) [0x0000d] in <51fded79cd284d4d911c5949aff4cb21>:0 
  at RimVore2.QuirkUtility.GetPool (RimVore2.QuirkDef quirk) [0x0000e] in <ab41c2a7082f4130836695233332c80f>:0 
  at RimVore2.ConfigUtility+<QuirkPoolAssignmentErrors>d__4.MoveNext () [0x00061] in <ab41c2a7082f4130836695233332c80f>:0 
  at RimVore2.ConfigUtility+<AllExtraConfigErrors>d__2.MoveNext () [0x00094] in <ab41c2a7082f4130836695233332c80f>:0 
  at RimVore2.ConfigUtility.PresentAdditionalConfigErrors () [0x00021] in <ab41c2a7082f4130836695233332c80f>:0 
  at RimVore2.RV2Mod.DefsLoaded () [0x0001e] in <ab41c2a7082f4130836695233332c80f>:0 
  at Verse.LongEventHandler.UpdateCurrentSynchronousEvent (System.Boolean& sceneChanged) [0x0001d] in <46372f5dadbf4af8939e608076251180>:0 
CE is trying to create default parameter lists ...
creating default parameter list for genes...
319 default entities for genes created
creating default parameter list for objects...
1687 default entities for objects created
creating default parameter list for turrets...
12 default entities for turrets created
...lists created
CE is trying to apply modified parameters...
no modifications for genes
no modifications for objects
no modifications for lifestages
...done
[HugsLib] Quickstarter generating map with scenario: 迫降
RV2_Reformers-Hediffs: Reformers Hediffs: Saving hediff 伯拉吉娅 '伯拉吉娅' 伯斯艾斯莫-NuclearStomach, index 2, True - 3
Unloading 3 Unused Serialized files (Serialized files now loaded: 5)
[PhysX] Initialized MultithreadedTaskDispatcher with 8 workers.
UnloadTime: 2.386600 ms
Unloading 2 unused Assets to reduce memory usage. Loaded Objects now: 27292.
Total: 401.115000 ms (FindLiveObjects: 1.886700 ms CreateObjectMapping: 2.990700 ms MarkObjects: 396.170300 ms  DeleteObjects: 0.066900 ms)

Initializing new game with mods:
  - brrainz.harmony
  - Ludeon.RimWorld
  - Ludeon.RimWorld.Royalty
  - Ludeon.RimWorld.Ideology
  - Ludeon.RimWorld.Biotech
  - Ludeon.RimWorld.Anomaly
  - UnlimitedHugs.HugsLib
  - void.charactereditor
  - HaiLuan.Translate
  - RWZH.ChinesePack.HugsLib
  - Ludeon.RimWorld.Odyssey
  - Nabber.RimVore2
  - Rutrix.RimVore2Interactions
  - MamaHorseteeth.RimVore2ExtraVores
  - Whatif12.RV2Reformers
  - Esegn.RV2EADD
  - Rutrix.RutsRimVoreStuff
  - pardon.RimvoreTrans
  - Pardon.PRV2E
RV2_Reformers-Hediffs: Reformers Hediffs: Saving hediff Bull 'Fowler' Fowler-Bruise, index 6, True - 8
RV2_Reformers-Hediffs: Reformers Hediffs: Saving hediff Bull 'Fowler' Fowler-Crack, index 11, True - 13
RV2_Reformers-Hediffs: Reformers Hediffs: Saving hediff Bull 'Fowler' Fowler-Crack, index 4, True - 12
RV2_Reformers-Hediffs: Reformers Hediffs: Saving hediff Bull 'Fowler' Fowler-Bruise, index 11, True - 13
RV2_Reformers-Hediffs: Reformers Hediffs: Saving hediff Bull 'Fowler' Fowler-Stab, index 3, True - 12
RV2_Reformers-Hediffs: Reformers Hediffs: Saving hediff Bull 'Fowler' Fowler-MissingBodyPart, index 9, True - 11
RV2_Reformers-Hediffs: Reformers Hediffs: Saving hediff Bull 'Fowler' Fowler-Crack, index 19, True - 21
RV2_Reformers-Hediffs: Reformers Hediffs: Saving hediff Bull 'Fowler' Fowler-Crack, index 6, True - 20
RV2_Reformers-Hediffs: Reformers Hediffs: Saving hediff Bull 'Fowler' Fowler-Gunshot, index 19, True - 21
RV2_Reformers-Hediffs: Reformers Hediffs: Saving hediff Philippe 'Philippe' de Feularde-Scratch, index 8, True - 10
RV2_Reformers-Hediffs: Reformers Hediffs: Saving hediff Philippe 'Philippe' de Feularde-Cut, index 12, True - 14
RV2_Reformers-Hediffs: Reformers Hediffs: Saving hediff Philippe 'Philippe' de Feularde-Bruise, index 3, True - 13
RV2_Reformers-Hediffs: Reformers Hediffs: Saving hediff Clark 'Clark' Gilmore-Bruise, index 9, True - 11
RV2_Reformers-Hediffs: Reformers Hediffs: Saving hediff Clark 'Clark' Gilmore-Stab, index 6, True - 10
RV2_Reformers-Hediffs: Reformers Hediffs: Saving hediff Clark 'Clark' Gilmore-Stab, index 5, True - 9
RV2_Reformers-Hediffs: Reformers Hediffs: Saving hediff -Stab, index 1, True - 3
checking editor settings...
bodysizes genes are active
Unloading 0 Unused Serialized files (Serialized files now loaded: 5)
Unloading 1 unused Assets to reduce memory usage. Loaded Objects now: 33076.
Total: 308.300300 ms (FindLiveObjects: 1.623300 ms CreateObjectMapping: 2.910600 ms MarkObjects: 303.670000 ms  DeleteObjects: 0.096200 ms)

Exception in Verse.AI.ThinkNode_PrioritySorter TryIssueJobPackage: System.NullReferenceException: Object reference not set to an instance of an object
[Ref 4518DF1D]
  at RimVore2.QuirkLayer_Persistent.CalculatePool (RimVore2.QuirkPoolDef pool, System.Collections.Generic.List`1[T] keywords, System.Collections.Generic.List`1[T] traits) [0x00220] in <ab41c2a7082f4130836695233332c80f>:0 
  at RimVore2.QuirkLayer_Persistent.CalculateQuirks () [0x0021e] in <ab41c2a7082f4130836695233332c80f>:0 
  at RimVore2.QuirkLayer.Quirks () [0x00030] in <ab41c2a7082f4130836695233332c80f>:0 
  at RimVore2.QuirkManager.get_ActiveQuirks () [0x0008d] in <ab41c2a7082f4130836695233332c80f>:0 
  at RimVore2.QuirkManager.get_QuirksByCompType () [0x00001] in <ab41c2a7082f4130836695233332c80f>:0 
  at RimVore2.QuirkManager.HasComp[T] () [0x00001] in <ab41c2a7082f4130836695233332c80f>:0 
  at RimVore2.QuirkManager.GetAllCompsByType[T] () [0x00001] in <ab41c2a7082f4130836695233332c80f>:0 
  at RimVore2.QuirkManager.TryGetValueModifier (System.String modifierName, RimVore2.ModifierOperation operation, System.Single& modifierValue) [0x00015] in <ab41c2a7082f4130836695233332c80f>:0 
  at RimVore2.WorkGiver_ProposeVore.HasCooldownPassed (Verse.Pawn pawn) [0x00099] in <ab41c2a7082f4130836695233332c80f>:0 
  at RimVore2.WorkGiver_ProposeVore.ShouldSkip (Verse.Pawn pawn, System.Boolean forced) [0x00043] in <ab41c2a7082f4130836695233332c80f>:0 
  at RimWorld.JobGiver_Work.PawnCanUseWorkGiver (Verse.Pawn pawn, RimWorld.WorkGiver giver) [0x0005e] in <46372f5dadbf4af8939e608076251180>:0 
  at RimWorld.JobGiver_Work.TryIssueJobPackage (Verse.Pawn pawn, Verse.AI.JobIssueParams jobParams) [0x001de] in <46372f5dadbf4af8939e608076251180>:0 
  at Verse.AI.ThinkNode_PrioritySorter.TryIssueJobPackage (Verse.Pawn pawn, Verse.AI.JobIssueParams jobParams) [0x000f2] in <46372f5dadbf4af8939e608076251180>:0 
Exception in Verse.AI.ThinkNode_PrioritySorter TryIssueJobPackage: System.NullReferenceException: Object reference not set to an instance of an object
[Ref 4518DF1D] Duplicate stacktrace, see ref for original
RimVore-2: Something went wrong when trying to execute rare tick for predator, Error:
System.NullReferenceException: Object reference not set to an instance of an object
[Ref 923C63B9]
  at RimVore2.QuirkLayer_Persistent.CalculatePool (RimVore2.QuirkPoolDef pool, System.Collections.Generic.List`1[T] keywords, System.Collections.Generic.List`1[T] traits) [0x00220] in <ab41c2a7082f4130836695233332c80f>:0 
  at RimVore2.QuirkLayer_Persistent.CalculateQuirks () [0x0021e] in <ab41c2a7082f4130836695233332c80f>:0 
  at RimVore2.QuirkLayer.Quirks () [0x00030] in <ab41c2a7082f4130836695233332c80f>:0 
  at RimVore2.QuirkManager.get_ActiveQuirks () [0x0008d] in <ab41c2a7082f4130836695233332c80f>:0 
  at RimVore2.QuirkManager.get_QuirksByCompType () [0x00001] in <ab41c2a7082f4130836695233332c80f>:0 
  at RimVore2.QuirkManager.HasComp[T] () [0x00001] in <ab41c2a7082f4130836695233332c80f>:0 
  at RimVore2.QuirkManager.GetAllCompsByType[T] () [0x00001] in <ab41c2a7082f4130836695233332c80f>:0 
  at RimVore2.QuirkManager.TryGetValueModifier (System.String modifierName, RimVore2.ModifierOperation operation, System.Single& modifierValue) [0x00015] in <ab41c2a7082f4130836695233332c80f>:0 
  at RV2_Esegn_Additions.AccidentalDigestionTracker.UpdateModifierCache () [0x0000e] in <2ac538e4bd534451ad332feda17fe196>:0 
RV2_Esegn_Additions.AccidentalDigestionTracker..ctor(Pawn predator)
  at RV2_Esegn_Additions.AccidentalDigestionManager.GetTracker (Verse.Pawn predator, System.Boolean createIfNonexistent) [0x00028] in <2ac538e4bd534451ad332feda17fe196>:0 
  at RV2_Esegn_Additions.Patch_VoreTracker.Patch_TickRare (RimVore2.VoreTracker __instance) [0x00016] in <2ac538e4bd534451ad332feda17fe196>:0 
  at RimVore2.VoreTracker.TickRare () [0x000de] in <ab41c2a7082f4130836695233332c80f>:0 
    - POSTFIX RV2_Esegn_Additions: Void RV2_Esegn_Additions.Patch_VoreTracker:Patch_TickRare(VoreTracker __instance)
  at RimVore2.RV2_Patch_Pawn_Tick_Rare.RV2_PredatorTickRare (Verse.Pawn& __instance) [0x00025] in <ab41c2a7082f4130836695233332c80f>:0 
RimVore-2: Something went wrong when trying to execute rare tick for predator, Error:
System.NullReferenceException: Object reference not set to an instance of an object
[Ref 923C63B9] Duplicate stacktrace, see ref for original
RimVore-2: Something went wrong when trying to execute rare tick for predator, Error:
System.NullReferenceException: Object reference not set to an instance of an object
[Ref 923C63B9] Duplicate stacktrace, see ref for original
RimVore-2: Something went wrong when trying to execute rare tick for predator, Error:
System.NullReferenceException: Object reference not set to an instance of an object
[Ref 923C63B9] Duplicate stacktrace, see ref for original
RimVore-2: Something went wrong when trying to execute rare tick for predator, Error:
System.NullReferenceException: Object reference not set to an instance of an object
[Ref 923C63B9] Duplicate stacktrace, see ref for original
RimVore-2: Something went wrong when trying to execute rare tick for predator, Error:
System.NullReferenceException: Object reference not set to an instance of an object
[Ref 923C63B9] Duplicate stacktrace, see ref for original
RimVore-2: Something went wrong when trying to execute rare tick for predator, Error:
System.NullReferenceException: Object reference not set to an instance of an object
[Ref 923C63B9] Duplicate stacktrace, see ref for original
RimVore-2: Something went wrong when trying to execute rare tick for predator, Error:
System.NullReferenceException: Object reference not set to an instance of an object
[Ref 923C63B9] Duplicate stacktrace, see ref for original
Exception while recalculating RV2_PreyStruggling thought state for pawn Trigger: System.NullReferenceException: Object reference not set to an instance of an object
[Ref FDB68A86]
  at RimVore2.QuirkLayer_Persistent.CalculatePool (RimVore2.QuirkPoolDef pool, System.Collections.Generic.List`1[T] keywords, System.Collections.Generic.List`1[T] traits) [0x00220] in <ab41c2a7082f4130836695233332c80f>:0 
  at RimVore2.QuirkLayer_Persistent.CalculateQuirks () [0x0021e] in <ab41c2a7082f4130836695233332c80f>:0 
  at RimVore2.QuirkLayer.Quirks () [0x00030] in <ab41c2a7082f4130836695233332c80f>:0 
  at RimVore2.QuirkManager.get_ActiveQuirks () [0x0008d] in <ab41c2a7082f4130836695233332c80f>:0 
  at RimVore2.QuirkManager.get_QuirksByCompType () [0x00001] in <ab41c2a7082f4130836695233332c80f>:0 
  at RimVore2.QuirkManager.HasComp[T] () [0x00001] in <ab41c2a7082f4130836695233332c80f>:0 
  at RimVore2.QuirkManager.GetAllCompsByType[T] () [0x00001] in <ab41c2a7082f4130836695233332c80f>:0 
  at RimVore2.QuirkManager.EnablesSituationalThought (RimWorld.ThoughtDef thought) [0x0000e] in <ab41c2a7082f4130836695233332c80f>:0 
  at RimVore2.ThoughtWorker_RequiredQuirk.CurrentStateInternal (Verse.Pawn p) [0x00058] in <ab41c2a7082f4130836695233332c80f>:0 
  at RimVore2.ThoughtWorker_Situation_Struggle.CurrentStateInternal (Verse.Pawn predator) [0x00001] in <ab41c2a7082f4130836695233332c80f>:0 
  at RimWorld.ThoughtWorker.CurrentState (Verse.Pawn p) [0x00010] in <46372f5dadbf4af8939e608076251180>:0 
  at RimWorld.SituationalThoughtHandler.TryCreateThought (RimWorld.ThoughtDef def) [0x0001e] in <46372f5dadbf4af8939e608076251180>:0 
RimVore-2: Something went wrong when trying to execute rare tick for predator, Error:
System.NullReferenceException: Object reference not set to an instance of an object
[Ref 923C63B9] Duplicate stacktrace, see ref for original
RimVore-2: Something went wrong when trying to execute rare tick for predator, Error:
System.NullReferenceException: Object reference not set to an instance of an object
[Ref 923C63B9] Duplicate stacktrace, see ref for original
RimVore-2: Something went wrong when trying to execute rare tick for predator, Error:
System.NullReferenceException: Object reference not set to an instance of an object
[Ref 923C63B9] Duplicate stacktrace, see ref for original
RimVore-2: Something went wrong when trying to execute rare tick for predator, Error:
System.NullReferenceException: Object reference not set to an instance of an object
[Ref 923C63B9] Duplicate stacktrace, see ref for original
RimVore-2: Something went wrong when trying to execute rare tick for predator, Error:
System.NullReferenceException: Object reference not set to an instance of an object
[Ref 923C63B9] Duplicate stacktrace, see ref for original
RimVore-2: Something went wrong when trying to execute rare tick for predator, Error:
System.NullReferenceException: Object reference not set to an instance of an object
[Ref 923C63B9] Duplicate stacktrace, see ref for original
RimVore-2: Something went wrong when trying to execute rare tick for predator, Error:
System.NullReferenceException: Object reference not set to an instance of an object
[Ref 923C63B9] Duplicate stacktrace, see ref for original
RimVore-2: Something went wrong when trying to execute rare tick for predator, Error:
System.NullReferenceException: Object reference not set to an instance of an object
[Ref 923C63B9] Duplicate stacktrace, see ref for original
RimVore-2: Something went wrong when trying to execute rare tick for predator, Error:
System.NullReferenceException: Object reference not set to an instance of an object
[Ref 923C63B9] Duplicate stacktrace, see ref for original
RimVore-2: Something went wrong when trying to execute rare tick for predator, Error:
System.NullReferenceException: Object reference not set to an instance of an object
[Ref 923C63B9] Duplicate stacktrace, see ref for original
RimVore-2: Something went wrong when trying to execute rare tick for predator, Error:
System.NullReferenceException: Object reference not set to an instance of an object
[Ref 923C63B9] Duplicate stacktrace, see ref for original
RimVore-2: Something went wrong when trying to execute rare tick for predator, Error:
System.NullReferenceException: Object reference not set to an instance of an object
[Ref 923C63B9] Duplicate stacktrace, see ref for original
RimVore-2: Something went wrong when trying to execute rare tick for predator, Error:
System.NullReferenceException: Object reference not set to an instance of an object
[Ref 923C63B9] Duplicate stacktrace, see ref for original
RimVore-2: Something went wrong when trying to execute rare tick for predator, Error:
System.NullReferenceException: Object reference not set to an instance of an object
[Ref 923C63B9] Duplicate stacktrace, see ref for original
RimVore-2: Something went wrong when trying to execute rare tick for predator, Error:
System.NullReferenceException: Object reference not set to an instance of an object
[Ref 923C63B9] Duplicate stacktrace, see ref for original
RimVore-2: Something went wrong when trying to execute rare tick for predator, Error:
System.NullReferenceException: Object reference not set to an instance of an object
[Ref 923C63B9] Duplicate stacktrace, see ref for original
RimVore-2: Something went wrong when trying to execute rare tick for predator, Error:
System.NullReferenceException: Object reference not set to an instance of an object
[Ref 923C63B9] Duplicate stacktrace, see ref for original
RimVore-2: Something went wrong when trying to execute rare tick for predator, Error:
System.NullReferenceException: Object reference not set to an instance of an object
[Ref 923C63B9] Duplicate stacktrace, see ref for original
RimVore-2: Something went wrong when trying to execute rare tick for predator, Error:
System.NullReferenceException: Object reference not set to an instance of an object
[Ref 923C63B9] Duplicate stacktrace, see ref for original
RimVore-2: Something went wrong when trying to execute rare tick for predator, Error:
System.NullReferenceException: Object reference not set to an instance of an object
[Ref 923C63B9] Duplicate stacktrace, see ref for original
RimVore-2: Something went wrong when trying to execute rare tick for predator, Error:
System.NullReferenceException: Object reference not set to an instance of an object
[Ref 923C63B9] Duplicate stacktrace, see ref for original
RimVore-2: Something went wrong when trying to execute rare tick for predator, Error:
System.NullReferenceException: Object reference not set to an instance of an object
[Ref 923C63B9] Duplicate stacktrace, see ref for original
RimVore-2: Something went wrong when trying to execute rare tick for predator, Error:
System.NullReferenceException: Object reference not set to an instance of an object
[Ref 923C63B9] Duplicate stacktrace, see ref for original
RimVore-2: Something went wrong when trying to execute rare tick for predator, Error:
System.NullReferenceException: Object reference not set to an instance of an object
[Ref 923C63B9] Duplicate stacktrace, see ref for original
RimVore-2: Something went wrong when trying to execute rare tick for predator, Error:
System.NullReferenceException: Object reference not set to an instance of an object
[Ref 923C63B9] Duplicate stacktrace, see ref for original
RimVore-2: Something went wrong when trying to execute rare tick for predator, Error:
System.NullReferenceException: Object reference not set to an instance of an object
[Ref 923C63B9] Duplicate stacktrace, see ref for original
RimVore-2: Something went wrong when trying to execute rare tick for predator, Error:
System.NullReferenceException: Object reference not set to an instance of an object
[Ref 923C63B9] Duplicate stacktrace, see ref for original
RimVore-2: Something went wrong when trying to execute rare tick for predator, Error:
System.NullReferenceException: Object reference not set to an instance of an object
[Ref 923C63B9] Duplicate stacktrace, see ref for original
RimVore-2: Something went wrong when trying to execute rare tick for predator, Error:
System.NullReferenceException: Object reference not set to an instance of an object
[Ref 923C63B9] Duplicate stacktrace, see ref for original
RimVore-2: Something went wrong when trying to execute rare tick for predator, Error:
System.NullReferenceException: Object reference not set to an instance of an object
[Ref 923C63B9] Duplicate stacktrace, see ref for original
RimVore-2: Something went wrong when trying to execute rare tick for predator, Error:
System.NullReferenceException: Object reference not set to an instance of an object
[Ref 923C63B9] Duplicate stacktrace, see ref for original
RimVore-2: Something went wrong when trying to execute rare tick for predator, Error:
System.NullReferenceException: Object reference not set to an instance of an object
[Ref 923C63B9] Duplicate stacktrace, see ref for original
RimVore-2: Something went wrong when trying to execute rare tick for predator, Error:
System.NullReferenceException: Object reference not set to an instance of an object
[Ref 923C63B9] Duplicate stacktrace, see ref for original
RimVore-2: Something went wrong when trying to execute rare tick for predator, Error:
System.NullReferenceException: Object reference not set to an instance of an object
[Ref 923C63B9] Duplicate stacktrace, see ref for original
RimVore-2: Something went wrong when trying to execute rare tick for predator, Error:
System.NullReferenceException: Object reference not set to an instance of an object
[Ref 923C63B9] Duplicate stacktrace, see ref for original
RimVore-2: Something went wrong when trying to execute rare tick for predator, Error:
System.NullReferenceException: Object reference not set to an instance of an object
[Ref 923C63B9] Duplicate stacktrace, see ref for original
RimVore-2: Something went wrong when trying to execute rare tick for predator, Error:
System.NullReferenceException: Object reference not set to an instance of an object
[Ref 923C63B9] Duplicate stacktrace, see ref for original
RimVore-2: Something went wrong when trying to execute rare tick for predator, Error:
System.NullReferenceException: Object reference not set to an instance of an object
[Ref 923C63B9] Duplicate stacktrace, see ref for original
RimVore-2: Something went wrong when trying to execute rare tick for predator, Error:
System.NullReferenceException: Object reference not set to an instance of an object
[Ref 923C63B9] Duplicate stacktrace, see ref for original
RimVore-2: Something went wrong when trying to execute rare tick for predator, Error:
System.NullReferenceException: Object reference not set to an instance of an object
[Ref 923C63B9] Duplicate stacktrace, see ref for original
RimVore-2: Something went wrong when trying to execute rare tick for predator, Error:
System.NullReferenceException: Object reference not set to an instance of an object
[Ref 923C63B9] Duplicate stacktrace, see ref for original
RimVore-2: Something went wrong when trying to execute rare tick for predator, Error:
System.NullReferenceException: Object reference not set to an instance of an object
[Ref 923C63B9] Duplicate stacktrace, see ref for original
RimVore-2: Something went wrong when trying to execute rare tick for predator, Error:
System.NullReferenceException: Object reference not set to an instance of an object
[Ref 923C63B9] Duplicate stacktrace, see ref for original
RimVore-2: Something went wrong when trying to execute rare tick for predator, Error:
System.NullReferenceException: Object reference not set to an instance of an object
[Ref 923C63B9] Duplicate stacktrace, see ref for original
RimVore-2: Something went wrong when trying to execute rare tick for predator, Error:
System.NullReferenceException: Object reference not set to an instance of an object
[Ref 923C63B9] Duplicate stacktrace, see ref for original
RimVore-2: Something went wrong when trying to execute rare tick for predator, Error:
System.NullReferenceException: Object reference not set to an instance of an object
[Ref 923C63B9] Duplicate stacktrace, see ref for original
RimVore-2: Something went wrong when trying to execute rare tick for predator, Error:
System.NullReferenceException: Object reference not set to an instance of an object
[Ref 923C63B9] Duplicate stacktrace, see ref for original
RimVore-2: Something went wrong when trying to execute rare tick for predator, Error:
System.NullReferenceException: Object reference not set to an instance of an object
[Ref 923C63B9] Duplicate stacktrace, see ref for original
RimVore-2: Something went wrong when trying to execute rare tick for predator, Error:
System.NullReferenceException: Object reference not set to an instance of an object
[Ref 923C63B9] Duplicate stacktrace, see ref for original
RimVore-2: Something went wrong when trying to execute rare tick for predator, Error:
System.NullReferenceException: Object reference not set to an instance of an object
[Ref 923C63B9] Duplicate stacktrace, see ref for original
RimVore-2: Something went wrong when trying to execute rare tick for predator, Error:
System.NullReferenceException: Object reference not set to an instance of an object
[Ref 923C63B9] Duplicate stacktrace, see ref for original
RimVore-2: Something went wrong when trying to execute rare tick for predator, Error:
System.NullReferenceException: Object reference not set to an instance of an object
[Ref 923C63B9] Duplicate stacktrace, see ref for original
RimVore-2: Something went wrong when trying to execute rare tick for predator, Error:
System.NullReferenceException: Object reference not set to an instance of an object
[Ref 923C63B9] Duplicate stacktrace, see ref for original
RimVore-2: Something went wrong when trying to execute rare tick for predator, Error:
System.NullReferenceException: Object reference not set to an instance of an object
[Ref 923C63B9] Duplicate stacktrace, see ref for original
RV2_Debug: Added "ui" to categories via self-discovery
RV2_UI: Caught exception:

System.NullReferenceException: Object reference not set to an instance of an object
[Ref BA00113B]
  at Verse.GenCollection.Any[T] (System.Collections.Generic.List`1[T] list, System.Predicate`1[T] predicate) [0x00000] in <46372f5dadbf4af8939e608076251180>:0 
  at RimVore2.Window_Quirks.<get_CategorizedQuirkPools>b__10_1 (RimVore2.QuirkPoolDef pool) [0x00000] in <ab41c2a7082f4130836695233332c80f>:0 
  at System.Linq.Utilities+<>c__DisplayClass1_0`1[TSource].<CombinePredicates>b__0 (TSource x) [0x0000e] in <1f993cbf88314b1baa1e10ca917bdc64>:0 
  at System.Linq.Enumerable+WhereListIterator`1[TSource].MoveNext () [0x00037] in <1f993cbf88314b1baa1e10ca917bdc64>:0 
  at RimVore2.Window_Quirks.get_CategorizedQuirkPools () [0x000ba] in <ab41c2a7082f4130836695233332c80f>:0 
  at RimVore2.Window_Quirks.DrawQuirkSheet (UnityEngine.Rect inRect) [0x00007] in <ab41c2a7082f4130836695233332c80f>:0 
  at RimVore2.Window_Quirks.DoWindowContents (UnityEngine.Rect inRect) [0x000f2] in <ab41c2a7082f4130836695233332c80f>:0 
RV2_UI: Caught exception:

System.NullReferenceException: Object reference not set to an instance of an object
[Ref BA00113B] Duplicate stacktrace, see ref for original
Unloading 2 Unused Serialized files (Serialized files now loaded: 5)
Unloading 0 unused Assets to reduce memory usage. Loaded Objects now: 28497.
Total: 304.736300 ms (FindLiveObjects: 1.803600 ms CreateObjectMapping: 2.228500 ms MarkObjects: 300.643400 ms  DeleteObjects: 0.060000 ms)

Unloading 2 Unused Serialized files (Serialized files now loaded: 5)
[PhysX] Initialized MultithreadedTaskDispatcher with 8 workers.
UnloadTime: 2.388600 ms
allowing apparel to be colorable...
checking editor settings...
bodysizes genes are active
CharacterEditor v1.6.3 ...done
Unloading 14 unused Assets to reduce memory usage. Loaded Objects now: 28179.
Total: 289.442700 ms (FindLiveObjects: 1.289500 ms CreateObjectMapping: 2.095200 ms MarkObjects: 285.947000 ms  DeleteObjects: 0.110800 ms)

Memory Statistics:
[ALLOC_TEMP_TLS] TLS Allocator
  StackAllocators : 
    [ALLOC_TEMP_MAIN]
      Peak usage frame count: [0-1.0 KB]: 8321 frames, [1.0 KB-2.0 KB]: 4 frames, [2.0 KB-4.0 KB]: 2278 frames, [4.0 KB-8.0 KB]: 21 frames, [8.0 KB-16.0 KB]: 26 frames, [16.0 KB-32.0 KB]: 58 frames, [32.0 KB-64.0 KB]: 18 frames, [64.0 KB-128.0 KB]: 26 frames, [128.0 KB-256.0 KB]: 59 frames, [2.0 MB-4.0 MB]: 6 frames, [4.0 MB-8.0 MB]: 1 frames
      Initial Block Size 4.0 MB
      Current Block Size 5.1 MB
      Peak Allocated Bytes 5.1 MB
      Overflow Count 3
    [ALLOC_TEMP_Loading.AsyncRead]
      Initial Block Size 64.0 KB
      Current Block Size 120.0 KB
      Peak Allocated Bytes 116.5 KB
      Overflow Count 0
    [ALLOC_TEMP_Loading.PreloadManager]
      Initial Block Size 256.0 KB
      Current Block Size 256.0 KB
      Peak Allocated Bytes 3.7 KB
      Overflow Count 12
    [ALLOC_TEMP_Background Job.Worker 8]
      Initial Block Size 32.0 KB
      Current Block Size 32.0 KB
      Peak Allocated Bytes 54 B
      Overflow Count 0
    [ALLOC_TEMP_Job.Worker 6]
      Initial Block Size 256.0 KB
      Current Block Size 256.0 KB
      Peak Allocated Bytes 160 B
      Overflow Count 0
    [ALLOC_TEMP_Job.Worker 0]
      Initial Block Size 256.0 KB
      Current Block Size 256.0 KB
      Peak Allocated Bytes 160 B
      Overflow Count 0
    [ALLOC_TEMP_Background Job.Worker 10]
      Initial Block Size 32.0 KB
      Current Block Size 32.0 KB
      Peak Allocated Bytes 54 B
      Overflow Count 0
    [ALLOC_TEMP_Background Job.Worker 9]
      Initial Block Size 32.0 KB
      Current Block Size 32.0 KB
      Peak Allocated Bytes 54 B
      Overflow Count 0
    [ALLOC_TEMP_Job.Worker 5]
      Initial Block Size 256.0 KB
      Current Block Size 256.0 KB
      Peak Allocated Bytes 160 B
      Overflow Count 0
    [ALLOC_TEMP_Background Job.Worker 14]
      Initial Block Size 32.0 KB
      Current Block Size 32.0 KB
      Peak Allocated Bytes 54 B
      Overflow Count 0
    [ALLOC_TEMP_Background Job.Worker 6]
      Initial Block Size 32.0 KB
      Current Block Size 32.0 KB
      Peak Allocated Bytes 54 B
      Overflow Count 0
    [ALLOC_TEMP_Job.Worker 4]
      Initial Block Size 256.0 KB
      Current Block Size 256.0 KB
      Peak Allocated Bytes 176 B
      Overflow Count 0
    [ALLOC_TEMP_Job.Worker 3]
      Initial Block Size 256.0 KB
      Current Block Size 256.0 KB
      Peak Allocated Bytes 176 B
      Overflow Count 0
    [ALLOC_TEMP_Background Job.Worker 12]
      Initial Block Size 32.0 KB
      Current Block Size 32.0 KB
      Peak Allocated Bytes 54 B
      Overflow Count 0
    [ALLOC_TEMP_EnlightenWorker] x 4
      Initial Block Size 64.0 KB
      Current Block Size 64.0 KB
      Peak Allocated Bytes 54 B
      Overflow Count 0
    [ALLOC_TEMP_Background Job.Worker 15]
      Initial Block Size 32.0 KB
      Current Block Size 32.0 KB
      Peak Allocated Bytes 54 B
      Overflow Count 0
    [ALLOC_TEMP_Background Job.Worker 1]
      Initial Block Size 32.0 KB
      Current Block Size 32.0 KB
      Peak Allocated Bytes 54 B
      Overflow Count 0
    [ALLOC_TEMP_Background Job.Worker 2]
      Initial Block Size 32.0 KB
      Current Block Size 32.0 KB
      Peak Allocated Bytes 54 B
      Overflow Count 0
    [ALLOC_TEMP_Background Job.Worker 7]
      Initial Block Size 32.0 KB
      Current Block Size 32.0 KB
      Peak Allocated Bytes 54 B
      Overflow Count 0
    [ALLOC_TEMP_UnityGfxDeviceWorker]
      Initial Block Size 256.0 KB
      Current Block Size 256.0 KB
      Peak Allocated Bytes 10.3 KB
      Overflow Count 0
    [ALLOC_TEMP_AssetGarbageCollectorHelper] x 7
      Initial Block Size 64.0 KB
      Current Block Size 64.0 KB
      Peak Allocated Bytes 138 B
      Overflow Count 0
    [ALLOC_TEMP_Background Job.Worker 5]
      Initial Block Size 32.0 KB
      Current Block Size 32.0 KB
      Peak Allocated Bytes 54 B
      Overflow Count 0
    [ALLOC_TEMP_Background Job.Worker 13]
      Initial Block Size 32.0 KB
      Current Block Size 32.0 KB
      Peak Allocated Bytes 54 B
      Overflow Count 0
    [ALLOC_TEMP_Job.Worker 1]
      Initial Block Size 256.0 KB
      Current Block Size 256.0 KB
      Peak Allocated Bytes 507 B
      Overflow Count 0
    [ALLOC_TEMP_Job.Worker 2]
      Initial Block Size 256.0 KB
      Current Block Size 256.0 KB
      Peak Allocated Bytes 480 B
      Overflow Count 0
    [ALLOC_TEMP_Background Job.Worker 3]
      Initial Block Size 32.0 KB
      Current Block Size 32.0 KB
      Peak Allocated Bytes 54 B
      Overflow Count 0
    [ALLOC_TEMP_Background Job.Worker 11]
      Initial Block Size 32.0 KB
      Current Block Size 32.0 KB
      Peak Allocated Bytes 54 B
      Overflow Count 0
    [ALLOC_TEMP_Background Job.Worker 0]
      Initial Block Size 32.0 KB
      Current Block Size 32.0 KB
      Peak Allocated Bytes 54 B
      Overflow Count 0
    [ALLOC_TEMP_Background Job.Worker 4]
      Initial Block Size 32.0 KB
      Current Block Size 32.0 KB
      Peak Allocated Bytes 54 B
      Overflow Count 0
    [ALLOC_TEMP_BatchDeleteObjects]
      Initial Block Size 64.0 KB
      Current Block Size 64.0 KB
      Peak Allocated Bytes 54 B
      Overflow Count 0
[ALLOC_DEFAULT] Dual Thread Allocator
  Peak main deferred allocation count 43390
    [ALLOC_BUCKET]
      Large Block size 4.0 MB
      Used Block count 1
      Peak Allocated bytes 4.0 MB
      Failed Allocations. Bucket layout:
        16B: 4 Subsections = 4096 buckets. Failed count: 273903
        32B: 34 Subsections = 17408 buckets. Failed count: 160623
        48B: 49 Subsections = 16725 buckets. Failed count: 119461
        64B: 40 Subsections = 10240 buckets. Failed count: 68763
        80B: 85 Subsections = 17408 buckets. Failed count: 62936
        96B: 28 Subsections = 4778 buckets. Failed count: 120380
        112B: 10 Subsections = 1462 buckets. Failed count: 34258
        128B: 6 Subsections = 768 buckets. Failed count: 17402
    [ALLOC_DEFAULT_MAIN]
      Peak usage frame count: [16.0 MB-32.0 MB]: 1457 frames, [32.0 MB-64.0 MB]: 1 frames, [256.0 MB-0.50 GB]: 9360 frames
      Requested Block Size 16.0 MB
      Peak Block count 18
      Peak Allocated memory 285.0 MB
      Peak Large allocation bytes 35.3 MB
    [ALLOC_DEFAULT_THREAD]
      Peak usage frame count: [8.0 MB-16.0 MB]: 7895 frames, [16.0 MB-32.0 MB]: 518 frames, [32.0 MB-64.0 MB]: 2405 frames
      Requested Block Size 16.0 MB
      Peak Block count 4
      Peak Allocated memory 48.0 MB
      Peak Large allocation bytes 0 B
[ALLOC_TEMP_JOB_1_FRAME]
  Initial Block Size 2.0 MB
  Used Block Count 0
  Overflow Count (too large) 0
  Overflow Count (full) 0
[ALLOC_TEMP_JOB_2_FRAMES]
  Initial Block Size 2.0 MB
  Used Block Count 0
  Overflow Count (too large) 0
  Overflow Count (full) 0
[ALLOC_TEMP_JOB_4_FRAMES (JobTemp)]
  Initial Block Size 2.0 MB
  Used Block Count 1
  Overflow Count (too large) 2
  Overflow Count (full) 0
[ALLOC_TEMP_JOB_ASYNC (Background)]
  Initial Block Size 1.0 MB
  Used Block Count 1
  Overflow Count (too large) 0
  Overflow Count (full) 0
[ALLOC_GFX] Dual Thread Allocator
  Peak main deferred allocation count 28
    [ALLOC_BUCKET]
      Large Block size 4.0 MB
      Used Block count 1
      Peak Allocated bytes 4.0 MB
      Failed Allocations. Bucket layout:
        16B: 4 Subsections = 4096 buckets. Failed count: 273903
        32B: 34 Subsections = 17408 buckets. Failed count: 160623
        48B: 49 Subsections = 16725 buckets. Failed count: 119461
        64B: 40 Subsections = 10240 buckets. Failed count: 68763
        80B: 85 Subsections = 17408 buckets. Failed count: 62936
        96B: 28 Subsections = 4778 buckets. Failed count: 120380
        112B: 10 Subsections = 1462 buckets. Failed count: 34258
        128B: 6 Subsections = 768 buckets. Failed count: 17402
    [ALLOC_GFX_MAIN]
      Peak usage frame count: [128.0 KB-256.0 KB]: 1 frames, [2.0 MB-4.0 MB]: 8411 frames, [32.0 MB-64.0 MB]: 2405 frames, [256.0 MB-0.50 GB]: 1 frames
      Requested Block Size 16.0 MB
      Peak Block count 3
      Peak Allocated memory 365.6 MB
      Peak Large allocation bytes 362.3 MB
    [ALLOC_GFX_THREAD]
      Peak usage frame count: [0-1.0 KB]: 1466 frames, [1.0 KB-2.0 KB]: 212 frames, [2.0 KB-4.0 KB]: 1016 frames, [4.0 KB-8.0 KB]: 1284 frames, [8.0 KB-16.0 KB]: 4437 frames, [32.0 KB-64.0 KB]: 2403 frames
      Requested Block Size 16.0 MB
      Peak Block count 1
      Peak Allocated memory 57.4 KB
      Peak Large allocation bytes 0 B
[ALLOC_CACHEOBJECTS] Dual Thread Allocator
  Peak main deferred allocation count 101
    [ALLOC_BUCKET]
      Large Block size 4.0 MB
      Used Block count 1
      Peak Allocated bytes 4.0 MB
      Failed Allocations. Bucket layout:
        16B: 4 Subsections = 4096 buckets. Failed count: 273903
        32B: 34 Subsections = 17408 buckets. Failed count: 160623
        48B: 49 Subsections = 16725 buckets. Failed count: 119461
        64B: 40 Subsections = 10240 buckets. Failed count: 68763
        80B: 85 Subsections = 17408 buckets. Failed count: 62936
        96B: 28 Subsections = 4778 buckets. Failed count: 120380
        112B: 10 Subsections = 1462 buckets. Failed count: 34258
        128B: 6 Subsections = 768 buckets. Failed count: 17402
    [ALLOC_CACHEOBJECTS_MAIN]
      Peak usage frame count: [4.0 MB-8.0 MB]: 1 frames, [8.0 MB-16.0 MB]: 1457 frames, [16.0 MB-32.0 MB]: 9360 frames
      Requested Block Size 4.0 MB
      Peak Block count 5
      Peak Allocated memory 17.3 MB
      Peak Large allocation bytes 0 B
    [ALLOC_CACHEOBJECTS_THREAD]
      Peak usage frame count: [4.0 KB-8.0 KB]: 7508 frames, [32.0 KB-64.0 KB]: 1 frames, [64.0 KB-128.0 KB]: 3304 frames, [256.0 KB-0.5 MB]: 4 frames, [0.5 MB-1.0 MB]: 1 frames
      Requested Block Size 4.0 MB
      Peak Block count 1
      Peak Allocated memory 0.6 MB
      Peak Large allocation bytes 0 B
[ALLOC_TYPETREE] Dual Thread Allocator
  Peak main deferred allocation count 0
    [ALLOC_BUCKET]
      Large Block size 4.0 MB
      Used Block count 1
      Peak Allocated bytes 4.0 MB
      Failed Allocations. Bucket layout:
        16B: 4 Subsections = 4096 buckets. Failed count: 273903
        32B: 34 Subsections = 17408 buckets. Failed count: 160623
        48B: 49 Subsections = 16725 buckets. Failed count: 119461
        64B: 40 Subsections = 10240 buckets. Failed count: 68763
        80B: 85 Subsections = 17408 buckets. Failed count: 62936
        96B: 28 Subsections = 4778 buckets. Failed count: 120380
        112B: 10 Subsections = 1462 buckets. Failed count: 34258
        128B: 6 Subsections = 768 buckets. Failed count: 17402
    [ALLOC_TYPETREE_MAIN]
      Peak usage frame count: [4.0 KB-8.0 KB]: 1 frames, [8.0 KB-16.0 KB]: 1457 frames, [32.0 KB-64.0 KB]: 9360 frames
      Requested Block Size 2.0 MB
      Peak Block count 1
      Peak Allocated memory 49.8 KB
      Peak Large allocation bytes 0 B
    [ALLOC_TYPETREE_THREAD]
      Peak usage frame count: [0-1.0 KB]: 10818 frames
      Requested Block Size 2.0 MB
      Peak Block count 0
      Peak Allocated memory 0 B
      Peak Large allocation bytes 0 B
